<?xml version="1.0" encoding="UTF-8"?>
<testng-results skipped="0" failed="0" total="1" passed="1">
  <reporter-output>
  </reporter-output>
  <suite name="Default suite" duration-ms="166233" started-at="2018-12-24T18:16:49Z" finished-at="2018-12-24T18:19:35Z">
    <groups>
    </groups>
    <test name="Default test" duration-ms="166233" started-at="2018-12-24T18:16:49Z" finished-at="2018-12-24T18:19:35Z">
      <class name="HomePageTest">
        <test-method status="PASS" signature="verifyAllElementsPresent()[pri:0, instance:HomePageTest@d80b78]" name="verifyAllElementsPresent" duration-ms="166203" started-at="2018-12-24T23:46:49Z" finished-at="2018-12-24T23:49:35Z">
          <reporter-output>
          </reporter-output>
        </test-method> <!-- verifyAllElementsPresent -->
      </class> <!-- HomePageTest -->
    </test> <!-- Default test -->
  </suite> <!-- Default suite -->
</testng-results>
