<?xml version="1.0" encoding="UTF-8"?>
<testng-results skipped="0" failed="0" total="1" passed="1">
  <reporter-output>
  </reporter-output>
  <suite name="Default suite" duration-ms="23836" started-at="2018-11-25T14:58:45Z" finished-at="2018-11-25T14:59:09Z">
    <groups>
    </groups>
    <test name="Default test" duration-ms="23836" started-at="2018-11-25T14:58:45Z" finished-at="2018-11-25T14:59:09Z">
      <class name="HomePageTest">
        <test-method status="PASS" signature="verifyAllElementsPresent()[pri:0, instance:HomePageTest@d80b78]" name="verifyAllElementsPresent" duration-ms="23804" started-at="2018-11-25T20:28:45Z" finished-at="2018-11-25T20:29:09Z">
          <reporter-output>
          </reporter-output>
        </test-method> <!-- verifyAllElementsPresent -->
      </class> <!-- HomePageTest -->
    </test> <!-- Default test -->
  </suite> <!-- Default suite -->
</testng-results>
